<?xml version="1.0" encoding="UTF-8"?>
<!-- Generated by org.testng.reporters.JUnitReportReporter -->
<testsuite skipped="0" hostname="Sujatas-MBP-2.lan" name="com.ecommerce.testcases.EcommerceLaunchPageTest" tests="2" failures="0" timestamp="15 Jul 2020 19:22:40 GMT" time="21.133" errors="0">
  <testcase name="tc_VerifyClickOnSignInLink" time="11.710" classname="com.ecommerce.testcases.EcommerceLaunchPageTest"/>
  <testcase name="tc_VerifyClickOnSignInLink" time="9.423" classname="com.ecommerce.testcases.EcommerceLaunchPageTest"/>
</testsuite> <!-- com.ecommerce.testcases.EcommerceLaunchPageTest -->
